{
  "RSpec": {
    "coverage": {
      "/home/viivi/github/techblog/app/models/user.rb": [
        1,
        null,
        1,
        null,
        null,
        1,
        null,
        null,
        null,
        null,
        1,
        1,
        1,
        null,
        1,
        null
      ],
      "/home/viivi/github/techblog/app/helpers/application_helper.rb": [
        1,
        null,
        1,
        22,
        21,
        18,
        18,
        null,
        18,
        null,
        null,
        null,
        null,
        1,
        0,
        0,
        0,
        0,
        0,
        null,
        null,
        null,
        null,
        1,
        0,
        0,
        null,
        null
      ],
      "/home/viivi/github/techblog/app/helpers/categories_helper.rb": [
        1,
        null
      ],
      "/home/viivi/github/techblog/app/helpers/favorites_helper.rb": [
        1,
        null
      ],
      "/home/viivi/github/techblog/app/helpers/posts_helper.rb": [
        1,
        null
      ],
      "/home/viivi/github/techblog/app/helpers/tags_helper.rb": [
        1,
        null
      ],
      "/home/viivi/github/techblog/app/helpers/tagships_helper.rb": [
        1,
        null
      ],
      "/home/viivi/github/techblog/app/helpers/users_helper.rb": [
        1,
        null
      ],
      "/home/viivi/github/techblog/app/models/post.rb": [
        1,
        1,
        1,
        1,
        1,
        1,
        null,
        1,
        1,
        1,
        null,
        null
      ],
      "/home/viivi/github/techblog/app/models/category.rb": [
        1,
        1,
        null,
        1,
        null
      ],
      "/home/viivi/github/techblog/app/controllers/sessions_controller.rb": [
        1,
        1,
        null,
        null,
        1,
        20,
        20,
        20,
        20,
        null,
        0,
        null,
        null,
        null,
        1,
        0,
        0,
        null,
        null
      ],
      "/home/viivi/github/techblog/app/controllers/application_controller.rb": [
        1,
        null,
        null,
        1,
        null,
        1,
        null,
        1,
        564,
        511,
        null,
        null
      ],
      "/home/viivi/github/techblog/app/controllers/users_controller.rb": [
        1,
        1,
        null,
        null,
        null,
        1,
        0,
        null,
        null,
        null,
        null,
        1,
        null,
        null,
        null,
        1,
        0,
        null,
        null,
        null,
        1,
        null,
        null,
        null,
        null,
        1,
        0,
        0,
        0,
        0,
        0,
        null,
        0,
        0,
        null,
        null,
        null,
        null,
        null,
        null,
        1,
        2,
        2,
        2,
        1,
        null,
        2,
        1,
        null,
        null,
        null,
        null,
        null,
        null,
        1,
        1,
        1,
        1,
        2,
        1,
        null,
        null,
        null,
        1,
        null,
        1,
        26,
        null,
        null,
        null,
        1,
        2,
        null,
        null
      ],
      "/home/viivi/github/techblog/app/models/favorite.rb": [
        1,
        1,
        1,
        null,
        1,
        null
      ],
      "/home/viivi/github/techblog/app/controllers/categories_controller.rb": [
        1,
        1,
        null,
        null,
        null,
        1,
        7,
        null,
        null,
        null,
        null,
        1,
        null,
        null,
        null,
        1,
        2,
        null,
        null,
        null,
        1,
        null,
        null,
        null,
        null,
        1,
        2,
        null,
        2,
        2,
        2,
        1,
        null,
        2,
        1,
        null,
        null,
        null,
        null,
        null,
        null,
        1,
        1,
        1,
        2,
        1,
        null,
        0,
        0,
        null,
        null,
        null,
        null,
        null,
        null,
        1,
        2,
        1,
        1,
        1,
        2,
        1,
        null,
        null,
        null,
        1,
        null,
        1,
        7,
        null,
        null,
        null,
        1,
        3,
        null,
        null
      ],
      "/home/viivi/github/techblog/app/controllers/posts_controller.rb": [
        1,
        1,
        null,
        null,
        null,
        1,
        13,
        13,
        null,
        null,
        null,
        null,
        1,
        15,
        2,
        null,
        14,
        14,
        null,
        null,
        15,
        11,
        11,
        null,
        null,
        null,
        null,
        null,
        1,
        2,
        2,
        2,
        null,
        null,
        null,
        1,
        0,
        0,
        null,
        null,
        null,
        null,
        1,
        2,
        2,
        2,
        2,
        1,
        null,
        2,
        1,
        null,
        null,
        null,
        null,
        null,
        null,
        1,
        0,
        0,
        0,
        0,
        null,
        0,
        0,
        null,
        null,
        null,
        null,
        null,
        null,
        1,
        1,
        1,
        2,
        1,
        null,
        null,
        null,
        null,
        1,
        null,
        1,
        16,
        null,
        null,
        null,
        1,
        2,
        null,
        null
      ],
      "/home/viivi/github/techblog/app/models/tag.rb": [
        1,
        1,
        null,
        1,
        null,
        null,
        null
      ],
      "/home/viivi/github/techblog/app/controllers/favorites_controller.rb": [
        1,
        1,
        null,
        null,
        null,
        1,
        0,
        null,
        null,
        null,
        null,
        1,
        null,
        null,
        null,
        1,
        0,
        0,
        null,
        null,
        null,
        1,
        null,
        null,
        null,
        null,
        1,
        null,
        1,
        1,
        1,
        1,
        1,
        1,
        null,
        0,
        null,
        null,
        null,
        null,
        null,
        1,
        0,
        0,
        0,
        0,
        null,
        0,
        0,
        null,
        null,
        null,
        null,
        null,
        null,
        1,
        0,
        0,
        0,
        0,
        0,
        null,
        null,
        null,
        1,
        null,
        1,
        0,
        null,
        null,
        null,
        1,
        2,
        null,
        null
      ],
      "/home/viivi/github/techblog/app/controllers/tags_controller.rb": [
        1,
        1,
        null,
        null,
        null,
        1,
        1,
        null,
        null,
        null,
        null,
        1,
        9,
        null,
        null,
        null,
        1,
        0,
        null,
        null,
        null,
        1,
        null,
        null,
        null,
        null,
        1,
        5,
        null,
        5,
        5,
        8,
        4,
        null,
        null,
        2,
        1,
        null,
        null,
        null,
        null,
        null,
        null,
        1,
        1,
        1,
        2,
        1,
        null,
        0,
        0,
        null,
        null,
        null,
        null,
        null,
        null,
        1,
        1,
        1,
        2,
        1,
        null,
        null,
        null,
        1,
        null,
        1,
        6,
        null,
        null,
        null,
        1,
        6,
        null,
        null
      ]
    },
    "timestamp": 1463332893
  }
}
